2012-05-01 09:45:17.334 +0200	Vorstand.fp7	0	Importvorgänge begonnen
2012-05-01 09:45:17.336 +0200	Vorstand.fp7	0	Import von Scriptbefehle aus Zwischenablage begonnen
2012-05-01 09:45:17.389 +0200	Neues Script	0	Scriptbefehle importiert: 7
2012-05-01 09:45:17.390 +0200	Vorstand.fp7	0	Import abgeschlossen
2012-05-01 09:46:16.442 +0200	Vorstand.fp7	0	Importvorgänge bestätigt
2012-05-01 10:11:28.952 +0200	Vorstand.fp7	0	Importvorgänge begonnen
2012-05-01 10:11:28.954 +0200	Vorstand.fp7	0	Import von Scriptbefehle aus Zwischenablage begonnen
2012-05-01 10:11:28.988 +0200	Neues Script	0	Scriptbefehle importiert: 6
2012-05-01 10:11:28.989 +0200	Vorstand.fp7	0	Import abgeschlossen
2012-05-01 10:12:13.995 +0200	Vorstand.fp7	0	Importvorgänge bestätigt
2012-05-01 10:55:46.629 +0200	Vorstand.fp7	0	Importvorgänge begonnen
2012-05-01 10:55:46.885 +0200	Vorstand.fp7	0	Import von Scriptbefehle aus Zwischenablage begonnen
2012-05-01 10:55:46.947 +0200	Neues Script	0	Scriptbefehle importiert: 1
2012-05-01 10:55:46.974 +0200	Vorstand.fp7	0	Import abgeschlossen
2012-05-01 10:56:22.144 +0200	Vorstand.fp7	0	Importvorgänge bestätigt
2012-05-01 11:24:19.812 +0200	Vorstand.fp7	0	Importvorgänge begonnen
2012-05-01 11:24:19.815 +0200	Vorstand.fp7	0	Import von Scriptbefehle aus Zwischenablage begonnen
2012-05-01 11:24:19.817 +0200	DokpfadB holen	0	Scriptbefehle importiert: 1
2012-05-01 11:24:20.122 +0200	Vorstand.fp7	0	Import abgeschlossen
2012-05-01 11:24:22.362 +0200	Vorstand.fp7	0	Importvorgänge bestätigt
2012-05-01 11:24:39.578 +0200	Vorstand.fp7	0	Importvorgänge begonnen
2012-05-01 11:24:39.580 +0200	Vorstand.fp7	0	Import von Scriptbefehle aus Zwischenablage begonnen
2012-05-01 11:24:39.890 +0200	DokpfadD holen	0	Scriptbefehle importiert: 1
2012-05-01 11:24:39.891 +0200	Vorstand.fp7	0	Import abgeschlossen
2012-05-01 11:24:44.211 +0200	Vorstand.fp7	0	Importvorgänge bestätigt
2012-05-01 11:24:51.250 +0200	Vorstand.fp7	0	Importvorgänge begonnen
2012-05-01 11:24:51.252 +0200	Vorstand.fp7	0	Import von Scriptbefehle aus Zwischenablage begonnen
2012-05-01 11:24:51.278 +0200	DokpfadC holen	0	Scriptbefehle importiert: 1
2012-05-01 11:24:51.278 +0200	Vorstand.fp7	0	Import abgeschlossen
2012-05-01 11:24:52.969 +0200	Vorstand.fp7	0	Importvorgänge bestätigt
2012-05-01 11:25:04.976 +0200	Vorstand.fp7	0	Importvorgänge begonnen
2012-05-01 11:25:04.998 +0200	Vorstand.fp7	0	Import von Scriptbefehle aus Zwischenablage begonnen
2012-05-01 11:25:05.038 +0200	DokpfadE holen	0	Scriptbefehle importiert: 1
2012-05-01 11:25:05.040 +0200	Vorstand.fp7	0	Import abgeschlossen
2012-05-01 11:25:06.144 +0200	Vorstand.fp7	0	Importvorgänge bestätigt
2012-05-01 12:08:47.706 +0200	Vorstand.fp7	0	Importvorgänge begonnen
2012-05-01 12:08:47.708 +0200	Vorstand.fp7	0	Import von Scriptbefehle aus Zwischenablage begonnen
2012-05-01 12:08:47.709 +0200	DokA holen	0	Scriptbefehle importiert: 1
2012-05-01 12:08:47.710 +0200	Vorstand.fp7	0	Import abgeschlossen
2012-05-01 12:08:59.073 +0200	Vorstand.fp7	0	Importvorgänge bestätigt
2012-05-01 12:17:37.007 +0200	Vorstand.fp7	0	Importvorgänge begonnen
2012-05-01 12:17:37.010 +0200	Vorstand.fp7	0	Import von Scriptbefehle aus Zwischenablage begonnen
2012-05-01 12:17:37.011 +0200	DokpfadA holen	0	Scriptbefehle importiert: 1
2012-05-01 12:17:37.021 +0200	Vorstand.fp7	0	Import abgeschlossen
2012-05-01 12:17:39.111 +0200	Vorstand.fp7	0	Importvorgänge bestätigt
2012-05-01 12:18:50.022 +0200	Vorstand.fp7	0	Importvorgänge bestätigt
2012-05-01 12:26:01.110 +0200	Vorstand.fp7	0	Importvorgänge begonnen
2012-05-01 12:26:01.112 +0200	Vorstand.fp7	0	Import von Scriptbefehle aus Zwischenablage begonnen
2012-05-01 12:26:01.113 +0200	DokD holen	0	Scriptbefehle importiert: 1
2012-05-01 12:26:01.114 +0200	Vorstand.fp7	0	Import abgeschlossen
2012-05-01 12:26:10.280 +0200	Vorstand.fp7	0	Importvorgänge abgebrochen
2012-05-01 12:26:23.428 +0200	Vorstand.fp7	0	Importvorgänge begonnen
2012-05-01 12:26:23.429 +0200	Vorstand.fp7	0	Import von Scriptbefehle aus Zwischenablage begonnen
2012-05-01 12:26:23.727 +0200	DokD holen	0	Scriptbefehle importiert: 1
2012-05-01 12:26:23.727 +0200	Vorstand.fp7	0	Import abgeschlossen
2012-05-01 12:26:34.460 +0200	Vorstand.fp7	0	Importvorgänge bestätigt
2012-05-01 12:26:41.230 +0200	Vorstand.fp7	0	Importvorgänge begonnen
2012-05-01 12:26:41.232 +0200	Vorstand.fp7	0	Import von Scriptbefehle aus Zwischenablage begonnen
2012-05-01 12:26:41.234 +0200	DokE holen	0	Scriptbefehle importiert: 1
2012-05-01 12:26:41.269 +0200	Vorstand.fp7	0	Import abgeschlossen
2012-05-01 12:26:59.328 +0200	Vorstand.fp7	0	Importvorgänge bestätigt
2012-05-01 12:34:21.552 +0200	Vorstand.fp7	0	Importvorgänge begonnen
2012-05-01 12:34:21.554 +0200	Vorstand.fp7	0	Import von Scriptbefehle aus Zwischenablage begonnen
2012-05-01 12:34:21.555 +0200	DokD holen	0	Scriptbefehle importiert: 1
2012-05-01 12:34:21.867 +0200	Vorstand.fp7	0	Import abgeschlossen
2012-05-01 12:34:43.913 +0200	Vorstand.fp7	0	Importvorgänge bestätigt
2012-05-01 12:35:35.184 +0200	Vorstand.fp7	0	Importvorgänge begonnen
2012-05-01 12:35:35.186 +0200	Vorstand.fp7	0	Import von Scriptbefehle aus Zwischenablage begonnen
2012-05-01 12:35:35.187 +0200	DokE holen	0	Scriptbefehle importiert: 1
2012-05-01 12:35:35.188 +0200	Vorstand.fp7	0	Import abgeschlossen
2012-05-01 12:35:47.400 +0200	Vorstand.fp7	0	Importvorgänge bestätigt
2012-05-01 12:43:32.453 +0200	Vorstand.fp7	0	Importvorgänge begonnen
2012-05-01 12:43:32.456 +0200	Vorstand.fp7	0	Import von Scriptbefehle aus Zwischenablage begonnen
2012-05-01 12:43:32.457 +0200	DokA holen	0	Scriptbefehle importiert: 1
2012-05-01 12:43:32.484 +0200	Vorstand.fp7	0	Import abgeschlossen
2012-05-01 12:43:41.181 +0200	Vorstand.fp7	0	Import von Scriptbefehle aus Zwischenablage begonnen
2012-05-01 12:43:41.183 +0200	DokA holen	0	Scriptbefehle importiert: 1
2012-05-01 12:43:41.183 +0200	Vorstand.fp7	0	Import abgeschlossen
2012-05-01 12:43:46.062 +0200	Vorstand.fp7	0	Importvorgänge bestätigt
2012-05-01 12:43:53.127 +0200	Vorstand.fp7	0	Importvorgänge begonnen
2012-05-01 12:43:53.128 +0200	Vorstand.fp7	0	Import von Scriptbefehle aus Zwischenablage begonnen
2012-05-01 12:43:53.129 +0200	DokC holen	0	Scriptbefehle importiert: 1
2012-05-01 12:43:53.130 +0200	Vorstand.fp7	0	Import abgeschlossen
2012-05-01 12:44:01.757 +0200	Vorstand.fp7	0	Import von Scriptbefehle aus Zwischenablage begonnen
2012-05-01 12:44:01.758 +0200	DokC holen	0	Scriptbefehle importiert: 1
2012-05-01 12:44:01.758 +0200	Vorstand.fp7	0	Import abgeschlossen
2012-05-01 12:44:07.755 +0200	Vorstand.fp7	0	Importvorgänge bestätigt
2012-05-01 12:44:29.612 +0200	Vorstand.fp7	0	Importvorgänge begonnen
2012-05-01 12:44:29.614 +0200	Vorstand.fp7	0	Import von Scriptbefehle aus Zwischenablage begonnen
2012-05-01 12:44:29.615 +0200	DokB holen	0	Scriptbefehle importiert: 1
2012-05-01 12:44:29.649 +0200	Vorstand.fp7	0	Import abgeschlossen
2012-05-01 12:44:41.642 +0200	Vorstand.fp7	0	Import von Scriptbefehle aus Zwischenablage begonnen
2012-05-01 12:44:41.644 +0200	DokB holen	0	Scriptbefehle importiert: 1
2012-05-01 12:44:41.644 +0200	Vorstand.fp7	0	Import abgeschlossen
2012-05-01 12:44:46.731 +0200	Vorstand.fp7	0	Importvorgänge bestätigt
2012-05-01 12:48:36.381 +0200	Vorstand.fp7	0	Importvorgänge begonnen
2012-05-01 12:48:36.384 +0200	Vorstand.fp7	0	Import von Scriptbefehle aus Zwischenablage begonnen
2012-05-01 12:48:36.385 +0200	DokB holen	3703	Unbekannter Fehler: <Unbekannt>.
2012-05-01 12:48:36.386 +0200	DokB holen	0	Scriptbefehle importiert: 1
2012-05-01 12:48:36.386 +0200	Vorstand.fp7	0	Import abgeschlossen
2012-05-01 12:48:46.761 +0200	Vorstand.fp7	0	Importvorgänge bestätigt
2012-05-01 12:49:04.250 +0200	Vorstand.fp7	0	Importvorgänge begonnen
2012-05-01 12:49:04.252 +0200	Vorstand.fp7	0	Import von Scriptbefehle aus Zwischenablage begonnen
2012-05-01 12:49:04.287 +0200	DokC holen	3703	Unbekannter Fehler: <Unbekannt>.
2012-05-01 12:49:04.288 +0200	DokC holen	0	Scriptbefehle importiert: 1
2012-05-01 12:49:04.289 +0200	Vorstand.fp7	0	Import abgeschlossen
2012-05-01 12:49:12.625 +0200	Vorstand.fp7	0	Importvorgänge bestätigt
2012-05-01 12:49:17.299 +0200	Vorstand.fp7	0	Importvorgänge begonnen
2012-05-01 12:49:17.301 +0200	Vorstand.fp7	0	Import von Scriptbefehle aus Zwischenablage begonnen
2012-05-01 12:49:17.302 +0200	DokD holen	3703	Unbekannter Fehler: <Unbekannt>.
2012-05-01 12:49:17.302 +0200	DokD holen	0	Scriptbefehle importiert: 1
2012-05-01 12:49:17.303 +0200	Vorstand.fp7	0	Import abgeschlossen
2012-05-01 12:49:24.835 +0200	Vorstand.fp7	0	Importvorgänge bestätigt
2012-05-01 12:49:29.083 +0200	Vorstand.fp7	0	Importvorgänge begonnen
2012-05-01 12:49:29.085 +0200	Vorstand.fp7	0	Import von Scriptbefehle aus Zwischenablage begonnen
2012-05-01 12:49:29.086 +0200	DokE holen	3703	Unbekannter Fehler: <Unbekannt>.
2012-05-01 12:49:29.087 +0200	DokE holen	0	Scriptbefehle importiert: 1
2012-05-01 12:49:29.087 +0200	Vorstand.fp7	0	Import abgeschlossen
2012-05-01 12:49:36.721 +0200	Vorstand.fp7	0	Importvorgänge bestätigt
2012-05-02 10:13:13.295 +0200	Vorstand.fp7	0	Importvorgänge begonnen
2012-05-02 10:13:13.322 +0200	Vorstand.fp7	0	Import von Scriptbefehle aus Zwischenablage begonnen
2012-05-02 10:13:13.333 +0200	Neues Script	0	Scriptbefehle importiert: 8
2012-05-02 10:13:13.339 +0200	Vorstand.fp7	0	Import abgeschlossen
2012-05-02 10:15:43.847 +0200	Vorstand.fp7	0	Importvorgänge bestätigt
2012-05-02 11:12:08.789 +0200	Vorstand.fp7	0	Importvorgänge begonnen
2012-05-02 11:12:08.790 +0200	Vorstand.fp7	0	Import von Scriptbefehle aus Zwischenablage begonnen
2012-05-02 11:12:08.793 +0200	JournalDokpfad holen	0	Scriptbefehle importiert: 3
2012-05-02 11:12:09.097 +0200	Vorstand.fp7	0	Import abgeschlossen
2012-05-02 11:15:52.821 +0200	Vorstand.fp7	0	Importvorgänge bestätigt
2012-05-02 11:19:00.330 +0200	Vorstand.fp7	0	Importvorgänge bestätigt
2012-05-02 12:35:17.328 +0200	Vorstand.fp7	0	Importvorgänge begonnen
2012-05-02 12:35:17.371 +0200	Vorstand.fp7	0	Import von Scriptbefehle aus Zwischenablage begonnen
2012-05-02 12:35:17.418 +0200	Tastenaktion	0	Scriptbefehle importiert: 1
2012-05-02 12:35:17.435 +0200	Vorstand.fp7	0	Import abgeschlossen
2012-05-02 12:35:33.247 +0200	Vorstand.fp7	0	Importvorgänge bestätigt
2012-05-02 12:44:09.783 +0200	Vorstand.fp7	0	Importvorgänge begonnen
2012-05-02 12:44:09.785 +0200	Vorstand.fp7	0	Import von Scriptbefehle aus Zwischenablage begonnen
2012-05-02 12:44:09.787 +0200	Dokument holen	0	Scriptbefehle importiert: 1
2012-05-02 12:44:09.787 +0200	Vorstand.fp7	0	Import abgeschlossen
2012-05-02 12:44:32.106 +0200	Vorstand.fp7	0	Importvorgänge bestätigt
2012-05-02 13:37:13.381 +0200	Vorstand.fp7	0	Importvorgänge begonnen
2012-05-02 13:37:13.412 +0200	Vorstand.fp7	0	Import von Scriptbefehle aus Zwischenablage begonnen
2012-05-02 13:37:13.430 +0200	JournalDok holen Kopie	0	Scriptbefehle importiert: 1
2012-05-02 13:37:13.440 +0200	Vorstand.fp7	0	Import abgeschlossen
2012-05-02 13:39:25.727 +0200	Vorstand.fp7	0	Importvorgänge bestätigt
2012-05-02 13:39:50.404 +0200	Vorstand.fp7	0	Importvorgänge bestätigt
2012-05-02 13:41:47.703 +0200	Vorstand.fp7	0	Importvorgänge bestätigt
2012-05-02 13:43:49.947 +0200	Vorstand.fp7	0	Importvorgänge bestätigt
2012-05-02 13:44:36.131 +0200	Vorstand.fp7	0	Importvorgänge begonnen
2012-05-02 13:44:36.132 +0200	Vorstand.fp7	0	Import von Scriptbefehle aus Zwischenablage begonnen
2012-05-02 13:44:36.134 +0200	Dokument holen	0	Scriptbefehle importiert: 1
2012-05-02 13:44:36.134 +0200	Vorstand.fp7	0	Import abgeschlossen
2012-05-02 13:44:54.187 +0200	Vorstand.fp7	0	Importvorgänge bestätigt
2012-05-02 13:45:38.155 +0200	Vorstand.fp7	0	Importvorgänge begonnen
2012-05-02 13:45:38.156 +0200	Vorstand.fp7	0	Import von Scriptbefehle aus Zwischenablage begonnen
2012-05-02 13:45:38.158 +0200	Dok holen	0	Scriptbefehle importiert: 1
2012-05-02 13:45:38.159 +0200	Vorstand.fp7	0	Import abgeschlossen
2012-05-02 13:45:58.714 +0200	Vorstand.fp7	0	Importvorgänge bestätigt
2012-05-02 13:46:19.329 +0200	Vorstand.fp7	0	Importvorgänge begonnen
2012-05-02 13:46:19.331 +0200	Vorstand.fp7	0	Import von Scriptbefehle aus Zwischenablage begonnen
2012-05-02 13:46:19.332 +0200	Tastenaktion	0	Scriptbefehle importiert: 1
2012-05-02 13:46:19.366 +0200	Vorstand.fp7	0	Import abgeschlossen
2012-05-02 13:46:31.969 +0200	Vorstand.fp7	0	Importvorgänge bestätigt
2012-05-02 13:48:02.535 +0200	Vorstand.fp7	0	Importvorgänge bestätigt
2012-05-02 14:01:27.009 +0200	Vorstand.fp7	0	Importvorgänge bestätigt
2012-05-02 16:08:19.797 +0200	Vorstand.fp7	0	Importvorgänge begonnen
2012-05-02 16:08:19.813 +0200	Vorstand.fp7	0	Import von Scriptbefehle aus Zwischenablage begonnen
2012-05-02 16:08:19.819 +0200	neue Pendenz	0	Scriptbefehle importiert: 11
2012-05-02 16:08:19.820 +0200	Vorstand.fp7	0	Import abgeschlossen
2012-05-02 16:11:19.521 +0200	Vorstand.fp7	0	Importvorgänge bestätigt
2012-10-25 12:06:34.123 +0200	Vorstand.fmp12	0	Import von Scriptbefehle aus Zwischenablage begonnen
2012-10-25 12:06:34.137 +0200	Neues Protokoll Kopie	0	Scriptbefehle importiert: 6
2012-10-25 12:06:34.138 +0200	Vorstand.fmp12	0	Import abgeschlossen
